Listening for transport dt_socket at address: 8000
18:47:08,529 INFO  ~ Starting /Users/andres.amaya.diaz/Documents/play/CaptivaProject
18:47:08,533 INFO  ~ Module scaffold is available (/Users/andres.amaya.diaz/Documents/play/CaptivaProject/modules/scaffold-0.1)
18:47:08,533 INFO  ~ Module secure is available (/Users/andres.amaya.diaz/Documents/play/play-1.2.4/modules/secure)
18:47:09,206 WARN  ~ You're running Play! in DEV mode
~
~ Go to http://localhost:9000/@tests to run the tests
~
18:47:09,336 INFO  ~ Listening for HTTP on port 9000 (Waiting a first request to start) ...
18:47:14,971 INFO  ~ Connected to jdbc:h2:mem:play;MODE=MYSQL;LOCK_MODE=0
18:47:16,502 ERROR ~ 

@69ehl8m4o
Internal Server Error (500) for request GET /@tests.list

JPA error
A JPA error occurred (Unable to build EntityManagerFactory): No identifier specified for entity: play.modules.scaffold.form.FormElementTest$EmbeddableExample

play.exceptions.JPAException: Unable to build EntityManagerFactory
	at play.db.jpa.JPAPlugin.onApplicationStart(JPAPlugin.java:242)
	at play.plugins.PluginCollection.onApplicationStart(PluginCollection.java:480)
	at play.Play.start(Play.java:515)
	at play.Play.detectChanges(Play.java:629)
	at play.Invoker$Invocation.init(Invoker.java:198)
	at Invocation.HTTP Request(Play!)
Caused by: org.hibernate.AnnotationException: No identifier specified for entity: play.modules.scaffold.form.FormElementTest$EmbeddableExample
	at org.hibernate.cfg.InheritanceState.determineDefaultAccessType(InheritanceState.java:268)
	at org.hibernate.cfg.InheritanceState.getElementsToProcess(InheritanceState.java:223)
	at org.hibernate.cfg.AnnotationBinder.bindClass(AnnotationBinder.java:686)
	at org.hibernate.cfg.Configuration$MetadataSourceQueue.processAnnotatedClassesQueue(Configuration.java:3977)
	at org.hibernate.cfg.Configuration$MetadataSourceQueue.processMetadata(Configuration.java:3931)
	at org.hibernate.cfg.Configuration.secondPassCompile(Configuration.java:1368)
	at org.hibernate.cfg.Configuration.buildMappings(Configuration.java:1345)
	at org.hibernate.ejb.Ejb3Configuration.buildMappings(Ejb3Configuration.java:1477)
	at org.hibernate.ejb.EventListenerConfigurator.configure(EventListenerConfigurator.java:193)
	at org.hibernate.ejb.Ejb3Configuration.configure(Ejb3Configuration.java:1096)
	at org.hibernate.ejb.Ejb3Configuration.buildEntityManagerFactory(Ejb3Configuration.java:900)
	at play.db.jpa.JPAPlugin.onApplicationStart(JPAPlugin.java:240)
	... 5 more
@KILLED
